accept
access
aclocal
aconnect
acpi
acpi_available
acpid
addr2line
addresses
agetty
alsactl
amidi
amixer
anacron
aplay
aplaymidi
apm
apmd
apt
ar
arch
arecord
arecordmidi
arp
as
at
atd
atq
atrm
audiosend
aumix
autoconf
autoheader
automake
autoreconf
autoscan
autoupdate
badblocks
banner
batch
bc
biff
bison
bzcmp
bzdiff
bzgrep
bzip2
bzless
bzmore
c++
cardctl
cardmgr
cc
cdda2wav
cdparanoia
cdrdao
cdrecord
cfdisk
c++filt
chage
chattr
chfn
chkconfig
chpasswd
chrt
chsh
chvt
col
colcrt
colrm
column
compress
cpio
cpp
crond
csplit
ctags
cupsd
cvs
deallocvt
debugfs
depmod
devdump
dir
dircolors
disable
dlpsh
dmesg
dnsdomainname
dnssec-keygen
dnssec-makekeyset
dnssec-signkey
dnssec-signzone
doexec
domainname
dosfsck
dump
dumpe2fs
dumpkeys
e2fsck
e2image
e2label
edquota
egrep
eject
elvtune
emacs
envsubst
esd
esdcat
esd-config
esdctl
esddsp
esdmon
esdplay
esdrec
esdsample
etags
ex
factor
fc-cache
fc-list
fdformat
fetchmail
fgconsole
fgrep
finger
fingerd
flex
formail
free
ftpd
fuser
g++
gawk
gcc
gdb
getent
getkeycodes
gpasswd
gpg
gpgsplit
gpgv
gpm
gprof
groff
groffer
groupadd
groupdel
groupmod
grpck
grpconv
gs
gunzip
gzexe
halt
hdparm
hexdump
host
hostid
htdigest
hwclock
iconv
ifconfig
imapd
inetd
init
insmod
ipcrm
ipcs
iptables
iptables-restore
iptables-save
isodump
isoinfo
isosize
isovfy
ispell
kbd_mode
kbdrate
kernelversion
killall
killall5
klogd
kudzu
lastb
lastlog
ld
ldconfig
ldd
lesskey
lftp
lftpget
link
loadkeys
locale
lockfile
logger
logrotate
look
losetup
lpadmin
lpinfo
lpmove
lpq
lsattr
lsmod
lspci
lsusb
m4
mail
mailq
mailstats
mailto
make
makedbm
makemap
manpath
mattrib
mbadblocks
mcat
mcd
mcopy
md5sum
mdel, mdeltree
mdir
mdu
merge
mesg
metamail
metasend
mformat
mimencode
minfo
mkdosfs
mke2fs
mkfs
mkfs.ext3
mkisofs
mklost+found
mkmanifest
mknod
mkraid
mkswap
mktemp
mlabel
mmd
mmount
mmove
modinfo
modprobe
mountd
mpartition
mpg123
mpg321
mrd
mren
mshowfat
mt
mtools
mtoolstest
mtype
mzip
named
namei
nameif
newaliases
newgrp
newusers
nfsd
nfsstat
nm
nslookup
nsupdate
objcopy
objdump
od
openvt
patch
pathchk
perl
pidof
pinky
pmap
portmap
poweroff
pppd
praliases
ptx
pwck
pwconv
python
quotacheck
quotaoff
quotaon
quotastats
raidstart
ramsize
ranlib
rarpd
rdate
rdev
rdist
rdistd
readcd
readelf
readlink
reject
rename
renice
repquota
reset
resize2fs
restore
rexec
rexecd
richtext
rlogin
rlogind
rmail
rmmod
rndc
rootflags
route
routed
rpcgen
rpcinfo
rsh
rshd
runlevel
rup
ruptime
rusers
rusersd
rwall
rwho
rwhod
sane-find-scanner
scanadf
scanimage
scp
script
sendmail
sensors
seq
setfdprm
setkeycodes
setleds
setmetamode
setquota
setsid
setterm
sftp
sh
sha1sum
showkey
showmount
shred
size
skill
slabtop
slattach
slocate
snice
ssh
ssh-add
ssh-agent
sshd
ssh-keygen
ssh-keyscan
stat
statd
strace
strfile
strings
strip
stty
swapoff
swapon
sync
sysctl
sysklogd
syslogd
tac
tailf
talk
talkd
taskset
tcpd
tcpdump
tcpslice
telinit
telnet
telnetd
tftp
tftpd
tload
tmpwatch
tracepath
troff
tset
tsort
tune2fs
tunelp
ul
uncompress
unicode_start
unicode_stop
uptime
useradd
userdel
usermod
usleep
vdir
vidmode
vim
vmstat
volname
w
wall
warnquota
watch
wget
whereis
whois
xinetd
yacc
ypbind
ypcat
ypinit
ypmatch
yppasswd
yppasswdd
yppoll
yppush
ypserv
ypset
yptest
ypwhich
ypxfr
zcat
zcmp
zdiff
zdump
zforce
zgrep
zic
zless
zmore
znew
